TN:
SF:index.js
FN:24,(anonymous_0)
FN:29,(anonymous_1)
FN:52,(anonymous_2)
FN:58,(anonymous_3)
FN:78,(anonymous_4)
FN:83,(anonymous_5)
FN:106,(anonymous_6)
FN:111,(anonymous_7)
FN:138,(anonymous_8)
FN:162,(anonymous_9)
FN:176,(anonymous_10)
FN:189,(anonymous_11)
FN:200,(anonymous_12)
FN:209,(anonymous_13)
FN:222,(anonymous_14)
FN:231,(anonymous_15)
FN:244,(anonymous_16)
FNF:17
FNH:17
FNDA:1,(anonymous_0)
FNDA:1,(anonymous_1)
FNDA:1,(anonymous_2)
FNDA:1,(anonymous_3)
FNDA:1,(anonymous_4)
FNDA:1,(anonymous_5)
FNDA:1,(anonymous_6)
FNDA:1,(anonymous_7)
FNDA:1,(anonymous_8)
FNDA:1,(anonymous_9)
FNDA:1,(anonymous_10)
FNDA:1,(anonymous_11)
FNDA:1,(anonymous_12)
FNDA:1,(anonymous_13)
FNDA:1,(anonymous_14)
FNDA:1,(anonymous_15)
FNDA:1,(anonymous_16)
DA:2,1
DA:4,1
DA:5,1
DA:6,1
DA:7,1
DA:8,1
DA:9,1
DA:10,1
DA:12,1
DA:13,1
DA:15,1
DA:24,1
DA:25,1
DA:26,1
DA:29,1
DA:30,1
DA:31,0
DA:32,0
DA:36,1
DA:37,0
DA:41,1
DA:44,0
DA:45,0
DA:52,1
DA:53,1
DA:54,1
DA:55,1
DA:58,1
DA:59,1
DA:60,0
DA:61,0
DA:64,1
DA:65,0
DA:68,1
DA:71,0
DA:72,0
DA:78,1
DA:79,1
DA:80,1
DA:83,1
DA:84,1
DA:85,0
DA:86,0
DA:90,1
DA:91,0
DA:95,1
DA:98,0
DA:99,0
DA:106,1
DA:107,1
DA:108,1
DA:111,1
DA:112,1
DA:113,0
DA:114,0
DA:117,1
DA:119,0
DA:122,1
DA:124,1
DA:125,1
DA:126,1
DA:127,1
DA:129,1
DA:133,0
DA:134,0
DA:138,1
DA:139,1
DA:140,1
DA:142,1
DA:145,1
DA:147,1
DA:148,0
DA:152,1
DA:155,1
DA:157,0
DA:158,0
DA:162,1
DA:163,1
DA:164,1
DA:167,1
DA:172,0
DA:176,1
DA:177,1
DA:178,0
DA:179,0
DA:182,1
DA:183,0
DA:187,1
DA:188,1
DA:190,1
DA:191,0
DA:192,0
DA:195,1
DA:200,1
DA:202,1
DA:203,1
DA:204,0
DA:208,1
DA:209,1
DA:210,1
DA:211,0
DA:213,1
DA:214,0
DA:217,1
DA:222,1
DA:224,1
DA:225,1
DA:226,0
DA:229,1
DA:230,1
DA:231,1
DA:232,1
DA:233,1
DA:235,0
DA:238,0
DA:244,1
DA:245,1
DA:248,1
LF:118
LH:83
BRDA:30,0,0,0
BRDA:30,0,1,1
BRDA:36,1,0,0
BRDA:36,1,1,1
BRDA:59,2,0,0
BRDA:59,2,1,1
BRDA:64,3,0,0
BRDA:64,3,1,1
BRDA:84,4,0,0
BRDA:84,4,1,1
BRDA:90,5,0,0
BRDA:90,5,1,1
BRDA:112,6,0,0
BRDA:112,6,1,1
BRDA:117,7,0,0
BRDA:117,7,1,1
BRDA:125,8,0,1
BRDA:125,8,1,1
BRDA:147,9,0,0
BRDA:147,9,1,1
BRDA:167,10,0,0
BRDA:167,10,1,1
BRDA:167,11,0,1
BRDA:167,11,1,1
BRDA:167,11,2,1
BRDA:167,11,3,1
BRDA:167,11,4,1
BRDA:177,12,0,0
BRDA:177,12,1,1
BRDA:182,13,0,0
BRDA:182,13,1,1
BRDA:190,14,0,0
BRDA:190,14,1,1
BRDA:203,15,0,0
BRDA:203,15,1,1
BRDA:203,16,0,1
BRDA:203,16,1,1
BRDA:210,17,0,0
BRDA:210,17,1,1
BRDA:213,18,0,0
BRDA:213,18,1,1
BRDA:225,19,0,0
BRDA:225,19,1,1
BRDA:225,20,0,1
BRDA:225,20,1,1
BRDA:232,21,0,1
BRDA:232,21,1,0
BRF:47
BRH:29
end_of_record
