TN:
SF:index.js
FN:17,(anonymous_0)
FN:22,(anonymous_1)
FN:34,(anonymous_2)
FN:42,(anonymous_3)
FN:63,(anonymous_4)
FN:69,(anonymous_5)
FN:84,(anonymous_6)
FN:92,(anonymous_7)
FN:111,(anonymous_8)
FN:136,(anonymous_9)
FN:141,(anonymous_10)
FN:156,(anonymous_11)
FN:171,(anonymous_12)
FN:195,(anonymous_13)
FN:214,(anonymous_14)
FNF:15
FNH:14
FNDA:1,(anonymous_0)
FNDA:1,(anonymous_1)
FNDA:1,(anonymous_2)
FNDA:1,(anonymous_3)
FNDA:1,(anonymous_4)
FNDA:4,(anonymous_5)
FNDA:1,(anonymous_6)
FNDA:1,(anonymous_7)
FNDA:1,(anonymous_8)
FNDA:1,(anonymous_9)
FNDA:1,(anonymous_10)
FNDA:0,(anonymous_11)
FNDA:1,(anonymous_12)
FNDA:1,(anonymous_13)
FNDA:1,(anonymous_14)
DA:3,1
DA:4,1
DA:5,1
DA:6,1
DA:8,1
DA:9,1
DA:11,1
DA:12,1
DA:17,1
DA:18,1
DA:19,1
DA:20,1
DA:21,1
DA:22,1
DA:23,1
DA:24,0
DA:26,1
DA:28,0
DA:29,0
DA:34,1
DA:35,1
DA:36,1
DA:37,1
DA:38,1
DA:39,1
DA:42,1
DA:43,1
DA:44,0
DA:48,1
DA:51,1
DA:53,1
DA:55,0
DA:56,0
DA:63,1
DA:64,1
DA:65,1
DA:66,1
DA:67,1
DA:69,4
DA:70,1
DA:71,0
DA:73,1
DA:75,0
DA:76,0
DA:84,1
DA:85,1
DA:86,1
DA:90,1
DA:91,1
DA:92,1
DA:94,1
DA:96,0
DA:99,1
DA:100,1
DA:101,1
DA:102,1
DA:104,1
DA:106,0
DA:107,0
DA:111,1
DA:112,1
DA:113,1
DA:115,1
DA:118,1
DA:120,1
DA:121,0
DA:125,1
DA:129,1
DA:131,0
DA:132,0
DA:136,1
DA:138,1
DA:139,1
DA:140,1
DA:141,1
DA:142,1
DA:143,0
DA:144,0
DA:148,1
DA:149,1
DA:151,0
DA:152,0
DA:154,1
DA:156,1
DA:157,0
DA:158,0
DA:159,0
DA:162,0
DA:166,0
DA:167,0
DA:171,1
DA:172,1
DA:174,1
DA:175,1
DA:178,1
DA:184,1
DA:185,1
DA:187,0
DA:190,0
DA:191,0
DA:195,1
DA:196,1
DA:198,1
DA:201,1
DA:206,1
DA:208,0
DA:209,0
DA:214,1
DA:215,1
DA:218,1
LF:110
LH:80
BRDA:23,0,0,0
BRDA:23,0,1,1
BRDA:43,1,0,0
BRDA:43,1,1,1
BRDA:70,2,0,0
BRDA:70,2,1,1
BRDA:94,3,0,0
BRDA:94,3,1,1
BRDA:100,4,0,1
BRDA:100,4,1,1
BRDA:120,5,0,0
BRDA:120,5,1,1
BRDA:142,6,0,0
BRDA:142,6,1,1
BRDA:157,7,0,0
BRDA:157,7,1,0
BRDA:184,8,0,1
BRDA:184,8,1,0
BRF:18
BRH:9
end_of_record
